<?xml version="1.0" encoding="UTF-8"?>
<!-- Generated by org.testng.reporters.JUnitXMLReporter -->
<testsuite ignored="0" hostname="Prabhakar_Gudi" failures="0" tests="14" name="testcases" time="0.133" errors="0" timestamp="2024-04-28T08:05:42 IST">
  <testcase classname="com.sgtesting.tests.unittests.UnitTestcases" name="method1" time="0.013"/>
  <testcase classname="com.sgtesting.tests.unittests.UnitTestcases" name="method2" time="0.001"/>
  <testcase classname="com.sgtesting.tests.unittests.UnitTestcases" name="method3" time="0.005"/>
  <testcase classname="com.sgtesting.tests.unittests.UnitTestcases" name="method4" time="0.001"/>
  <testcase classname="com.sgtesting.tests.unittests.UnitTestcases" name="method5" time="0.001"/>
  <testcase classname="com.sgtesting.tests.unittests.UnitTestcases" name="method6" time="0.001"/>
  <testcase classname="com.sgtesting.tests.unittests.UnitTestcases" name="method7" time="0.006"/>
  <testcase classname="com.sgtesting.tests.unittests.UnitTestcases" name="method8" time="0.002"/>
  <testcase classname="com.sgtesting.tests.unittests.UnitTestcases" name="method9" time="0.001"/>
  <testcase classname="com.sgtesting.tests.unittests.UnitTestcases" name="method10" time="0.001"/>
  <testcase classname="com.sgtesting.tests.unittests.UnitTestcases" name="method11" time="0.001"/>
  <testcase classname="com.sgtesting.tests.unittests.UnitTestcases" name="method12" time="0.002"/>
  <testcase classname="com.sgtesting.tests.unittests.UnitTestcases" name="method13" time="0.002"/>
  <testcase classname="com.sgtesting.tests.unittests.UnitTestcases" name="method14" time="0.001"/>
</testsuite> <!-- testcases -->
