<?xml version="1.0" encoding="UTF-8"?>
<testng-results ignored="0" total="14" passed="14" failed="0" skipped="0">
  <reporter-output>
  </reporter-output>
  <suite started-at="2024-04-28T08:05:42 IST" name="Unit Testcases" finished-at="2024-04-28T08:05:42 IST" duration-ms="133">
    <groups>
    </groups>
    <test started-at="2024-04-28T08:05:42 IST" name="testcases" finished-at="2024-04-28T08:05:42 IST" duration-ms="133">
      <class name="com.sgtesting.tests.unittests.UnitTestcases">
        <test-method signature="method1()[pri:1, instance:com.sgtesting.tests.unittests.UnitTestcases@1f0f1111]" started-at="2024-04-28T08:05:42 IST" name="method1" finished-at="2024-04-28T08:05:42 IST" duration-ms="13" status="PASS">
          <reporter-output>
          </reporter-output>
        </test-method> <!-- method1 -->
        <test-method signature="method2()[pri:2, instance:com.sgtesting.tests.unittests.UnitTestcases@1f0f1111]" started-at="2024-04-28T08:05:42 IST" name="method2" finished-at="2024-04-28T08:05:42 IST" duration-ms="1" status="PASS">
          <reporter-output>
          </reporter-output>
        </test-method> <!-- method2 -->
        <test-method signature="method3()[pri:3, instance:com.sgtesting.tests.unittests.UnitTestcases@1f0f1111]" started-at="2024-04-28T08:05:42 IST" name="method3" finished-at="2024-04-28T08:05:42 IST" duration-ms="5" status="PASS">
          <reporter-output>
          </reporter-output>
        </test-method> <!-- method3 -->
        <test-method signature="method4()[pri:4, instance:com.sgtesting.tests.unittests.UnitTestcases@1f0f1111]" started-at="2024-04-28T08:05:42 IST" name="method4" finished-at="2024-04-28T08:05:42 IST" duration-ms="1" status="PASS">
          <reporter-output>
          </reporter-output>
        </test-method> <!-- method4 -->
        <test-method signature="method5()[pri:5, instance:com.sgtesting.tests.unittests.UnitTestcases@1f0f1111]" started-at="2024-04-28T08:05:42 IST" name="method5" finished-at="2024-04-28T08:05:42 IST" duration-ms="1" status="PASS">
          <reporter-output>
          </reporter-output>
        </test-method> <!-- method5 -->
        <test-method signature="method6()[pri:6, instance:com.sgtesting.tests.unittests.UnitTestcases@1f0f1111]" started-at="2024-04-28T08:05:42 IST" name="method6" finished-at="2024-04-28T08:05:42 IST" duration-ms="1" status="PASS">
          <reporter-output>
          </reporter-output>
        </test-method> <!-- method6 -->
        <test-method signature="method7()[pri:7, instance:com.sgtesting.tests.unittests.UnitTestcases@1f0f1111]" started-at="2024-04-28T08:05:42 IST" name="method7" finished-at="2024-04-28T08:05:42 IST" duration-ms="6" status="PASS">
          <reporter-output>
          </reporter-output>
        </test-method> <!-- method7 -->
        <test-method signature="method8()[pri:8, instance:com.sgtesting.tests.unittests.UnitTestcases@1f0f1111]" started-at="2024-04-28T08:05:42 IST" name="method8" finished-at="2024-04-28T08:05:42 IST" duration-ms="2" status="PASS">
          <reporter-output>
          </reporter-output>
        </test-method> <!-- method8 -->
        <test-method signature="method9()[pri:9, instance:com.sgtesting.tests.unittests.UnitTestcases@1f0f1111]" started-at="2024-04-28T08:05:42 IST" name="method9" finished-at="2024-04-28T08:05:42 IST" duration-ms="1" status="PASS">
          <reporter-output>
          </reporter-output>
        </test-method> <!-- method9 -->
        <test-method signature="method10()[pri:10, instance:com.sgtesting.tests.unittests.UnitTestcases@1f0f1111]" started-at="2024-04-28T08:05:42 IST" name="method10" finished-at="2024-04-28T08:05:42 IST" duration-ms="1" status="PASS">
          <reporter-output>
          </reporter-output>
        </test-method> <!-- method10 -->
        <test-method signature="method11()[pri:11, instance:com.sgtesting.tests.unittests.UnitTestcases@1f0f1111]" started-at="2024-04-28T08:05:42 IST" name="method11" finished-at="2024-04-28T08:05:42 IST" duration-ms="1" status="PASS">
          <reporter-output>
          </reporter-output>
        </test-method> <!-- method11 -->
        <test-method signature="method12()[pri:12, instance:com.sgtesting.tests.unittests.UnitTestcases@1f0f1111]" started-at="2024-04-28T08:05:42 IST" name="method12" finished-at="2024-04-28T08:05:42 IST" duration-ms="2" status="PASS">
          <reporter-output>
          </reporter-output>
        </test-method> <!-- method12 -->
        <test-method signature="method13()[pri:13, instance:com.sgtesting.tests.unittests.UnitTestcases@1f0f1111]" started-at="2024-04-28T08:05:42 IST" name="method13" finished-at="2024-04-28T08:05:42 IST" duration-ms="2" status="PASS">
          <reporter-output>
          </reporter-output>
        </test-method> <!-- method13 -->
        <test-method signature="method14()[pri:14, instance:com.sgtesting.tests.unittests.UnitTestcases@1f0f1111]" started-at="2024-04-28T08:05:42 IST" name="method14" finished-at="2024-04-28T08:05:42 IST" duration-ms="1" status="PASS">
          <reporter-output>
          </reporter-output>
        </test-method> <!-- method14 -->
      </class> <!-- com.sgtesting.tests.unittests.UnitTestcases -->
    </test> <!-- testcases -->
  </suite> <!-- Unit Testcases -->
</testng-results>
